[2024-05-24 00:02:22] INFO root fetch - main [MainThread]: Get Changelog since Serial: [23352341]
[2024-05-24 00:02:27] INFO root fetch - main [MainThread]: Found 5 changed packages
[2024-05-24 00:02:27] INFO root fetch - processPackages [ThreadPoolExecutor-0_0]: Start processing: martian-adapters
[2024-05-24 00:02:27] INFO root fetch - processPackages [ThreadPoolExecutor-0_1]: Start processing: metaphor-connectors
[2024-05-24 00:02:27] INFO root fetch - processPackages [ThreadPoolExecutor-0_2]: Start processing: piwiPre
[2024-05-24 00:02:27] INFO root fetch - processPackages [ThreadPoolExecutor-0_3]: Start processing: rs1090
[2024-05-24 00:02:27] INFO root fetch - processPackages [ThreadPoolExecutor-0_4]: Start processing: mojo-runtime
[2024-05-24 00:02:27] INFO root fetch - processPackages [martian-adapters]: New version: [5.5.0a1] Old Version: [5.4.0]
[2024-05-24 00:02:27] INFO root fetch - processPackages [piwiPre]: New version: [0.8.5] Old Version: [0.8.4]
[2024-05-24 00:02:27] INFO root fetch - processPackages [mojo-runtime]: New version: [1.3.9] Old Version: [1.3.8]
[2024-05-24 00:02:27] INFO root fetch - processPackages [rs1090]: New version: [0.2.1] Old Version: [0.2.0]
[2024-05-24 00:02:27] INFO root fetch - processPackages [martian-adapters]: Downloading https://files.pythonhosted.org/packages/45/49/a0b316115e629724313f691d1e2faa421283d91538aaf76e4cc378988be6/martian_adapters-5.4.0.tar.gz
[2024-05-24 00:02:27] INFO root fetch - processPackages [piwiPre]: Downloading https://files.pythonhosted.org/packages/ad/fc/9cf4c3c37cd2895067bd93495f09c783b2a9d4650f43ea0506b7b50e1f67/piwiPre-0.8.4.tar.gz
[2024-05-24 00:02:27] INFO root fetch - processPackages [mojo-runtime]: Downloading https://files.pythonhosted.org/packages/a2/73/8d6292a4a8763a95222fb988aaaf46e8e4faa6dbfa82aba07ec8abaabd54/mojo_runtime-1.3.8.tar.gz
[2024-05-24 00:02:27] INFO root fetch - processPackages [metaphor-connectors]: New version: [0.9.4] Old Version: [0.9.3]
[2024-05-24 00:02:28] INFO root fetch - processPackages [rs1090]: Downloading https://files.pythonhosted.org/packages/96/04/5a2427c11995baed72c923ac5c1da1f94b607c58179fccc2a451e272762c/rs1090-0.2.0.tar.gz
[2024-05-24 00:02:28] INFO root fetch - processPackages [mojo-runtime]: Downloading https://files.pythonhosted.org/packages/d8/72/11ae6da51311fb6fe39796b32cda706673eed2e6d5f1cc271bf029880f36/mojo_runtime-1.3.9.tar.gz
[2024-05-24 00:02:28] INFO root fetch - processPackages [metaphor-connectors]: Downloading https://files.pythonhosted.org/packages/92/c2/f775488949e85740917971e97fbd1e7187de61421ac7fbbc9d5485275473/metaphor-connectors-0.9.3.tar.gz
[2024-05-24 00:02:28] INFO root fetch - processPackages [martian-adapters]: Downloading https://files.pythonhosted.org/packages/65/f5/9a9feda7eb497a8e465adb67c337fb0857f17b20eedcb16dc1ee85be473a/martian_adapters-5.5.0a1.tar.gz
[2024-05-24 00:02:28] INFO root fetch - processPackages [piwiPre]: Downloading https://files.pythonhosted.org/packages/e7/59/c5cfd3133f61e11e92c5834c1ac8dde4bd134a5d7fb13d632d1efa6ef294/piwiPre-0.8.5.tar.gz
[2024-05-24 00:02:28] INFO root fetch - processPackages [mojo-runtime]: executing diffoscope
[2024-05-24 00:02:28] INFO root fetch - processPackages [mojo-runtime]: podman run --user 0:0 --rm -w /home/abi/fetcher -v /home/abi/fetcher/tmp:/home/abi/fetcher/tmp:ro -v /home/abi/fetcher/20240524:/home/abi/fetcher/20240524:rw registry.salsa.debian.org/reproducible-builds/diffoscope --no-progress tmp/mojo_runtime-1.3.8.tar.gz tmp/mojo_runtime-1.3.9.tar.gz --markdown 20240524/m/mojo-runtime/1.3.8-1.3.9/README.md --exclude *.pyd
[2024-05-24 00:02:28] INFO root fetch - processPackages [martian-adapters]: executing diffoscope
[2024-05-24 00:02:28] INFO root fetch - processPackages [martian-adapters]: podman run --user 0:0 --rm -w /home/abi/fetcher -v /home/abi/fetcher/tmp:/home/abi/fetcher/tmp:ro -v /home/abi/fetcher/20240524:/home/abi/fetcher/20240524:rw registry.salsa.debian.org/reproducible-builds/diffoscope --no-progress tmp/martian_adapters-5.4.0.tar.gz tmp/martian_adapters-5.5.0a1.tar.gz --markdown 20240524/m/martian-adapters/5.4.0-5.5.0a1/README.md --exclude *.pyd
[2024-05-24 00:02:28] INFO root fetch - processPackages [piwiPre]: executing diffoscope
[2024-05-24 00:02:28] INFO root fetch - processPackages [piwiPre]: podman run --user 0:0 --rm -w /home/abi/fetcher -v /home/abi/fetcher/tmp:/home/abi/fetcher/tmp:ro -v /home/abi/fetcher/20240524:/home/abi/fetcher/20240524:rw registry.salsa.debian.org/reproducible-builds/diffoscope --no-progress tmp/piwiPre-0.8.4.tar.gz tmp/piwiPre-0.8.5.tar.gz --markdown 20240524/p/piwiPre/0.8.4-0.8.5/README.md --exclude *.pyd
[2024-05-24 00:02:28] INFO root fetch - processPackages [metaphor-connectors]: Downloading https://files.pythonhosted.org/packages/7e/f3/fd51e0c2498f7340487d8eba1ee24a716e8056cce2a496a20f5da0cc11de/metaphor-connectors-0.9.4.tar.gz
[2024-05-24 00:02:28] INFO root fetch - processPackages [metaphor-connectors]: executing diffoscope
[2024-05-24 00:02:28] INFO root fetch - processPackages [metaphor-connectors]: podman run --user 0:0 --rm -w /home/abi/fetcher -v /home/abi/fetcher/tmp:/home/abi/fetcher/tmp:ro -v /home/abi/fetcher/20240524:/home/abi/fetcher/20240524:rw registry.salsa.debian.org/reproducible-builds/diffoscope --no-progress tmp/metaphor-connectors-0.9.3.tar.gz tmp/metaphor-connectors-0.9.4.tar.gz --markdown 20240524/m/metaphor-connectors/0.9.3-0.9.4/README.md --exclude *.pyd
[2024-05-24 00:02:28] INFO root fetch - processPackages [mojo-runtime]: Remove: archive file [/home/abi/fetcher/tmp/mojo_runtime-1.3.8.tar.gz]
[2024-05-24 00:02:28] INFO root fetch - processPackages [mojo-runtime]: Remove: archive file [/home/abi/fetcher/tmp/mojo_runtime-1.3.9.tar.gz]
[2024-05-24 00:02:28] INFO root fetch - main [MainThread]: End processing [mojo-runtime]: success
[2024-05-24 00:02:28] INFO root fetch - processPackages [martian-adapters]: Remove: archive file [/home/abi/fetcher/tmp/martian_adapters-5.4.0.tar.gz]
[2024-05-24 00:02:28] INFO root fetch - processPackages [martian-adapters]: Remove: archive file [/home/abi/fetcher/tmp/martian_adapters-5.5.0a1.tar.gz]
[2024-05-24 00:02:28] INFO root fetch - main [MainThread]: End processing [martian-adapters]: success
[2024-05-24 00:02:28] INFO root fetch - processPackages [piwiPre]: Remove: archive file [/home/abi/fetcher/tmp/piwiPre-0.8.4.tar.gz]
[2024-05-24 00:02:28] INFO root fetch - processPackages [piwiPre]: Remove: archive file [/home/abi/fetcher/tmp/piwiPre-0.8.5.tar.gz]
[2024-05-24 00:02:28] INFO root fetch - main [MainThread]: End processing [piwiPre]: success
[2024-05-24 00:02:29] INFO root fetch - processPackages [rs1090]: Downloading https://files.pythonhosted.org/packages/b1/ad/fd93f66d41335457af506f9b4a054d965d9de0c86418bcfefb023ef224af/rs1090-0.2.1-pp39-pypy39_pp73-manylinux_2_12_i686.manylinux2010_i686.whl
[2024-05-24 00:02:29] INFO root fetch - processPackages [metaphor-connectors]: Remove: archive file [/home/abi/fetcher/tmp/metaphor-connectors-0.9.3.tar.gz]
[2024-05-24 00:02:29] INFO root fetch - processPackages [metaphor-connectors]: Remove: archive file [/home/abi/fetcher/tmp/metaphor-connectors-0.9.4.tar.gz]
[2024-05-24 00:02:29] INFO root fetch - main [MainThread]: End processing [metaphor-connectors]: success
[2024-05-24 00:02:30] INFO root fetch - processPackages [rs1090]: executing diffoscope
[2024-05-24 00:02:30] INFO root fetch - processPackages [rs1090]: podman run --user 0:0 --rm -w /home/abi/fetcher -v /home/abi/fetcher/tmp:/home/abi/fetcher/tmp:ro -v /home/abi/fetcher/20240524:/home/abi/fetcher/20240524:rw registry.salsa.debian.org/reproducible-builds/diffoscope --no-progress tmp/rs1090-0.2.0.tar.gz tmp/rs1090-0.2.1-pp39-pypy39_pp73-manylinux_2_12_i686.manylinux2010_i686.whl.zip --markdown 20240524/r/rs1090/0.2.0-0.2.1/README.md --exclude *.pyd
[2024-05-24 00:02:31] INFO root fetch - processPackages [rs1090]: Remove: archive file [/home/abi/fetcher/tmp/rs1090-0.2.0.tar.gz]
[2024-05-24 00:02:31] INFO root fetch - processPackages [rs1090]: Remove: archive file [/home/abi/fetcher/tmp/rs1090-0.2.1-pp39-pypy39_pp73-manylinux_2_12_i686.manylinux2010_i686.whl.zip]
[2024-05-24 00:02:31] INFO root fetch - main [MainThread]: End processing [rs1090]: success
[2024-05-24 00:02:31] INFO root fetch - main [MainThread]: Store serial: [23352398]
[2024-05-24 00:04:35] INFO root fetch - main [MainThread]: Get Changelog since Serial: [23352398]
[2024-05-24 00:04:40] INFO root fetch - main [MainThread]: Found 6 changed packages
[2024-05-24 00:04:40] INFO root fetch - processPackages [ThreadPoolExecutor-0_0]: Start processing: bayeux-ml
[2024-05-24 00:04:40] INFO root fetch - processPackages [ThreadPoolExecutor-0_1]: Start processing: unray
[2024-05-24 00:04:40] INFO root fetch - processPackages [ThreadPoolExecutor-0_2]: Start processing: embedme
[2024-05-24 00:04:40] INFO root fetch - processPackages [ThreadPoolExecutor-0_3]: Start processing: pytest-logikal
[2024-05-24 00:04:40] INFO root fetch - processPackages [ThreadPoolExecutor-0_4]: Start processing: RedVert
[2024-05-24 00:04:40] INFO root fetch - processPackages [ThreadPoolExecutor-0_5]: Start processing: RedVert
[2024-05-24 00:04:40] INFO root fetch - processPackages [pytest-logikal]: New version: [3.2.1] Old Version: [3.2.0]
[2024-05-24 00:04:40] INFO root fetch - processPackages [embedme]: New version: [0.1.2] Old Version: [0.1.1]
[2024-05-24 00:04:40] WARNING root fetch - processPackages [RedVert]: Skipping, unable to determine old version
[2024-05-24 00:04:40] INFO root fetch - main [MainThread]: End processing [RedVert] error
[2024-05-24 00:04:40] WARNING root fetch - processPackages [RedVert]: Skipping, unable to determine old version
[2024-05-24 00:04:40] INFO root fetch - main [MainThread]: End processing [RedVert] error
[2024-05-24 00:04:40] INFO root fetch - processPackages [unray]: New version: [1.0.3] Old Version: [1.0.2]
[2024-05-24 00:04:40] INFO root fetch - processPackages [pytest-logikal]: Downloading https://files.pythonhosted.org/packages/ee/c9/8571f7a69ad3e968ab0fe5a9c278ada6edfeabda3b0a3fcd6a69a8b32312/pytest_logikal-3.2.0.tar.gz
[2024-05-24 00:04:40] INFO root fetch - processPackages [bayeux-ml]: New version: [0.1.9] Old Version: [0.1.8]
[2024-05-24 00:04:40] INFO root fetch - processPackages [embedme]: Downloading https://files.pythonhosted.org/packages/76/06/fa9ed815bd7325b42d038f2e1629643e007eabde9a0289129f29823a50bb/embedme-0.1.1.tar.gz
[2024-05-24 00:04:40] INFO root fetch - processPackages [unray]: Downloading https://files.pythonhosted.org/packages/87/a9/019e9382ffb3b0aeb946ccb3ef3bac8bb4d462d38c523ce8f92a37a9636d/unray-1.0.2.tar.gz
[2024-05-24 00:04:40] INFO root fetch - processPackages [embedme]: Downloading https://files.pythonhosted.org/packages/2a/38/1f073e769f36af435a20b70d9da75bbb787013d6463de62f677ef0382ef5/embedme-0.1.2.tar.gz
[2024-05-24 00:04:40] INFO root fetch - processPackages [bayeux-ml]: Downloading https://files.pythonhosted.org/packages/a0/13/ab502432667d09de8cf3b9979f1a2e41f675a59146ebd44c48026d64a136/bayeux_ml-0.1.8.tar.gz
[2024-05-24 00:04:40] INFO root fetch - processPackages [unray]: Downloading https://files.pythonhosted.org/packages/76/3d/8094413c155f9483504630300a3bba22710f9502c8f7807dd8d4e357fd5b/unray-1.0.3.tar.gz
[2024-05-24 00:04:40] INFO root fetch - processPackages [embedme]: executing diffoscope
[2024-05-24 00:04:40] INFO root fetch - processPackages [embedme]: podman run --user 0:0 --rm -w /home/abi/fetcher -v /home/abi/fetcher/tmp:/home/abi/fetcher/tmp:ro -v /home/abi/fetcher/20240524:/home/abi/fetcher/20240524:rw registry.salsa.debian.org/reproducible-builds/diffoscope --no-progress tmp/embedme-0.1.1.tar.gz tmp/embedme-0.1.2.tar.gz --markdown 20240524/e/embedme/0.1.1-0.1.2/README.md --exclude *.pyd
[2024-05-24 00:04:40] INFO root fetch - processPackages [pytest-logikal]: Downloading https://files.pythonhosted.org/packages/69/6f/11820510b0682211868f0ad58e293b818e6ee87c38b617facb9c95ab9c05/pytest_logikal-3.2.1.tar.gz
[2024-05-24 00:04:41] INFO root fetch - processPackages [unray]: executing diffoscope
[2024-05-24 00:04:41] INFO root fetch - processPackages [unray]: podman run --user 0:0 --rm -w /home/abi/fetcher -v /home/abi/fetcher/tmp:/home/abi/fetcher/tmp:ro -v /home/abi/fetcher/20240524:/home/abi/fetcher/20240524:rw registry.salsa.debian.org/reproducible-builds/diffoscope --no-progress tmp/unray-1.0.2.tar.gz tmp/unray-1.0.3.tar.gz --markdown 20240524/u/unray/1.0.2-1.0.3/README.md --exclude *.pyd
[2024-05-24 00:04:41] INFO root fetch - processPackages [pytest-logikal]: executing diffoscope
[2024-05-24 00:04:41] INFO root fetch - processPackages [pytest-logikal]: podman run --user 0:0 --rm -w /home/abi/fetcher -v /home/abi/fetcher/tmp:/home/abi/fetcher/tmp:ro -v /home/abi/fetcher/20240524:/home/abi/fetcher/20240524:rw registry.salsa.debian.org/reproducible-builds/diffoscope --no-progress tmp/pytest_logikal-3.2.0.tar.gz tmp/pytest_logikal-3.2.1.tar.gz --markdown 20240524/p/pytest-logikal/3.2.0-3.2.1/README.md --exclude *.pyd
[2024-05-24 00:04:41] INFO root fetch - processPackages [bayeux-ml]: Downloading https://files.pythonhosted.org/packages/fd/2c/c226a66945993839baeefde4cd9f8dec6b8542016af1357817c19b4476a5/bayeux_ml-0.1.9.tar.gz
[2024-05-24 00:04:41] INFO root fetch - processPackages [bayeux-ml]: executing diffoscope
[2024-05-24 00:04:41] INFO root fetch - processPackages [bayeux-ml]: podman run --user 0:0 --rm -w /home/abi/fetcher -v /home/abi/fetcher/tmp:/home/abi/fetcher/tmp:ro -v /home/abi/fetcher/20240524:/home/abi/fetcher/20240524:rw registry.salsa.debian.org/reproducible-builds/diffoscope --no-progress tmp/bayeux_ml-0.1.8.tar.gz tmp/bayeux_ml-0.1.9.tar.gz --markdown 20240524/b/bayeux-ml/0.1.8-0.1.9/README.md --exclude *.pyd
[2024-05-24 00:04:41] INFO root fetch - processPackages [embedme]: Remove: archive file [/home/abi/fetcher/tmp/embedme-0.1.1.tar.gz]
[2024-05-24 00:04:41] INFO root fetch - processPackages [embedme]: Remove: archive file [/home/abi/fetcher/tmp/embedme-0.1.2.tar.gz]
[2024-05-24 00:04:41] INFO root fetch - main [MainThread]: End processing [embedme]: success
[2024-05-24 00:04:41] INFO root fetch - processPackages [unray]: Remove: archive file [/home/abi/fetcher/tmp/unray-1.0.2.tar.gz]
[2024-05-24 00:04:41] INFO root fetch - processPackages [unray]: Remove: archive file [/home/abi/fetcher/tmp/unray-1.0.3.tar.gz]
[2024-05-24 00:04:41] INFO root fetch - main [MainThread]: End processing [unray]: success
[2024-05-24 00:04:41] INFO root fetch - processPackages [pytest-logikal]: Remove: archive file [/home/abi/fetcher/tmp/pytest_logikal-3.2.0.tar.gz]
[2024-05-24 00:04:41] INFO root fetch - processPackages [pytest-logikal]: Remove: archive file [/home/abi/fetcher/tmp/pytest_logikal-3.2.1.tar.gz]
[2024-05-24 00:04:41] INFO root fetch - main [MainThread]: End processing [pytest-logikal]: success
[2024-05-24 00:04:41] INFO root fetch - processPackages [bayeux-ml]: Remove: archive file [/home/abi/fetcher/tmp/bayeux_ml-0.1.8.tar.gz]
[2024-05-24 00:04:41] INFO root fetch - processPackages [bayeux-ml]: Remove: archive file [/home/abi/fetcher/tmp/bayeux_ml-0.1.9.tar.gz]
[2024-05-24 00:04:41] INFO root fetch - main [MainThread]: End processing [bayeux-ml]: success
[2024-05-24 00:04:41] INFO root fetch - main [MainThread]: Store serial: [23352425]
